Determining if the pthread_create exist failed with the following output:
Change Dir: /home/adnanhd/MetuRover/electronics/build/CMakeFiles/CMakeTmp

Run Build Command:"/usr/bin/make" "cmTC_35781/fast"
/usr/bin/make -f CMakeFiles/cmTC_35781.dir/build.make CMakeFiles/cmTC_35781.dir/build
make[1]: Entering directory '/home/adnanhd/MetuRover/electronics/build/CMakeFiles/CMakeTmp'
Building C object CMakeFiles/cmTC_35781.dir/CheckSymbolExists.c.o
/usr/bin/cc    -o CMakeFiles/cmTC_35781.dir/CheckSymbolExists.c.o   -c /home/adnanhd/MetuRover/electronics/build/CMakeFiles/CMakeTmp/CheckSymbolExists.c
Linking C executable cmTC_35781
/usr/bin/cmake -E cmake_link_script CMakeFiles/cmTC_35781.dir/link.txt --verbose=1
/usr/bin/cc      -rdynamic CMakeFiles/cmTC_35781.dir/CheckSymbolExists.c.o  -o cmTC_35781 
CMakeFiles/cmTC_35781.dir/CheckSymbolExists.c.o: In function `main':
CheckSymbolExists.c:(.text+0x1b): undefined reference to `pthread_create'
collect2: error: ld returned 1 exit status
CMakeFiles/cmTC_35781.dir/build.make:97: recipe for target 'cmTC_35781' failed
make[1]: *** [cmTC_35781] Error 1
make[1]: Leaving directory '/home/adnanhd/MetuRover/electronics/build/CMakeFiles/CMakeTmp'
Makefile:126: recipe for target 'cmTC_35781/fast' failed
make: *** [cmTC_35781/fast] Error 2

File /home/adnanhd/MetuRover/electronics/build/CMakeFiles/CMakeTmp/CheckSymbolExists.c:
/* */
#include <pthread.h>

int main(int argc, char** argv)
{
  (void)argv;
#ifndef pthread_create
  return ((int*)(&pthread_create))[argc];
#else
  (void)argc;
  return 0;
#endif
}

Determining if the function pthread_create exists in the pthreads failed with the following output:
Change Dir: /home/adnanhd/MetuRover/electronics/build/CMakeFiles/CMakeTmp

Run Build Command:"/usr/bin/make" "cmTC_58bd1/fast"
/usr/bin/make -f CMakeFiles/cmTC_58bd1.dir/build.make CMakeFiles/cmTC_58bd1.dir/build
make[1]: Entering directory '/home/adnanhd/MetuRover/electronics/build/CMakeFiles/CMakeTmp'
Building C object CMakeFiles/cmTC_58bd1.dir/CheckFunctionExists.c.o
/usr/bin/cc   -DCHECK_FUNCTION_EXISTS=pthread_create   -o CMakeFiles/cmTC_58bd1.dir/CheckFunctionExists.c.o   -c /usr/share/cmake-3.10/Modules/CheckFunctionExists.c
Linking C executable cmTC_58bd1
/usr/bin/cmake -E cmake_link_script CMakeFiles/cmTC_58bd1.dir/link.txt --verbose=1
/usr/bin/cc  -DCHECK_FUNCTION_EXISTS=pthread_create    -rdynamic CMakeFiles/cmTC_58bd1.dir/CheckFunctionExists.c.o  -o cmTC_58bd1 -lpthreads 
/usr/bin/ld: cannot find -lpthreads
collect2: error: ld returned 1 exit status
CMakeFiles/cmTC_58bd1.dir/build.make:97: recipe for target 'cmTC_58bd1' failed
make[1]: *** [cmTC_58bd1] Error 1
make[1]: Leaving directory '/home/adnanhd/MetuRover/electronics/build/CMakeFiles/CMakeTmp'
Makefile:126: recipe for target 'cmTC_58bd1/fast' failed
make: *** [cmTC_58bd1/fast] Error 2


